<?xml version="1.0" encoding="UTF-8"?>
<!-- Generated by org.testng.reporters.JUnitReportReporter -->
<testsuite hostname="DESKTOP-SR9RQ1U" failures="0" tests="2" name="Runner.Runners" time="61.449" errors="0" timestamp="2025-01-08T17:04:31 IST" skipped="0">
  <testcase classname="Runner.Runners" name="runScenario" time="19.083"/>
  <system-out/>
  <testcase classname="Runner.Runners" name="runScenario" time="42.366"/>
  <system-out/>
</testsuite> <!-- Runner.Runners -->
